<?xml version="1.0" encoding="UTF-8"?>
<robot generator="Robot 7.3.2 (Python 3.13.3 on win32)" generated="2025-10-27T01:38:57.836398" rpa="true" schemaversion="5">
<suite id="s1" name="Tymtix" source="C:\Users\Vibin\Documents\Robotframework\Tymtix Website\tymtix.robot">
<test id="s1-t1" name="Navigate to Homepage after login" line="22">
<kw name="Open the url" type="SETUP">
<msg time="2025-10-27T01:38:57.859638" level="FAIL">No keyword with name 'Open the url' found.</msg>
<status status="FAIL" start="2025-10-27T01:38:57.859600" elapsed="0.000084">No keyword with name 'Open the url' found.</status>
</kw>
<kw name="Close All Browsers" type="TEARDOWN">
<msg time="2025-10-27T01:38:57.860907" level="FAIL">No keyword with name 'Close All Browsers' found.</msg>
<status status="FAIL" start="2025-10-27T01:38:57.860871" elapsed="0.000078">No keyword with name 'Close All Browsers' found.</status>
</kw>
<status status="FAIL" start="2025-10-27T01:38:57.858370" elapsed="0.002904">Setup failed:
No keyword with name 'Open the url' found.

Also teardown failed:
No keyword with name 'Close All Browsers' found.</status>
</test>
<status status="FAIL" start="2025-10-27T01:38:57.837663" elapsed="0.025323"/>
</suite>
<statistics>
<total>
<stat pass="0" fail="1" skip="0">All Tasks</stat>
</total>
<tag>
</tag>
<suite>
<stat name="Tymtix" id="s1" pass="0" fail="1" skip="0">Tymtix</stat>
</suite>
</statistics>
<errors>
<msg time="2025-10-27T01:38:57.855683" level="ERROR">Error in file 'C:\Users\Vibin\Documents\Robotframework\Tymtix Website\tymtix.robot' on line 2: Importing library 'RPA.Browser.Selenium' failed: ModuleNotFoundError: No module named 'RPA'
Traceback (most recent call last):
  None
PYTHONPATH:
  C:\Users\Vibin\Documents\Robotframework\.venv\Scripts\robot.exe
  C:\Users\Vibin\Documents\Robotframework\.venv\Scripts\python313.zip
  C:\Users\Vibin\AppData\Local\Programs\Python\Python313\DLLs
  C:\Users\Vibin\AppData\Local\Programs\Python\Python313\Lib
  C:\Users\Vibin\AppData\Local\Programs\Python\Python313
  C:\Users\Vibin\Documents\Robotframework\.venv
  C:\Users\Vibin\Documents\Robotframework\.venv\Lib\site-packages</msg>
<msg time="2025-10-27T01:38:57.856615" level="ERROR">Error in file 'C:\Users\Vibin\Documents\Robotframework\Tymtix Website\tymtix.robot' on line 3: Resource file 'resource_rpa.robot' does not exist.</msg>
</errors>
</robot>
